2018-10-12 14:27:14,754 DEBUG    root            No implementation for release track [GA] for element: [/usr/lib/google-cloud-sdk/lib/surface/tasks]
2018-10-12 14:27:14,803 DEBUG    root            Loaded Command Group: [u'gcloud', u'feedback']
2018-10-12 14:27:14,805 DEBUG    root            Loaded Command Group: [u'gcloud', u'app']
2018-10-12 14:27:14,807 DEBUG    root            No implementation for release track [GA] for element: [/usr/lib/google-cloud-sdk/lib/surface/access_context_manager]
2018-10-12 14:27:14,807 DEBUG    root            Loaded Command Group: [u'gcloud', u'services']
2018-10-12 14:27:14,809 DEBUG    root            Loaded Command Group: [u'gcloud', u'meta']
2018-10-12 14:27:14,811 DEBUG    root            Loaded Command Group: [u'gcloud', u'composer']
2018-10-12 14:27:14,812 DEBUG    root            Loaded Command Group: [u'gcloud', u'datastore']
2018-10-12 14:27:14,814 DEBUG    root            Loaded Command Group: [u'gcloud', u'help']
2018-10-12 14:27:14,815 DEBUG    root            Loaded Command Group: [u'gcloud', u'iam']
2018-10-12 14:27:14,816 DEBUG    root            No implementation for release track [GA] for element: [/usr/lib/google-cloud-sdk/lib/surface/genomics]
2018-10-12 14:27:14,817 DEBUG    root            Loaded Command Group: [u'gcloud', u'functions']
2018-10-12 14:27:14,927 DEBUG    root            Loaded Command Group: [u'gcloud', u'container']
2018-10-12 14:27:14,929 DEBUG    root            No implementation for release track [GA] for element: [/usr/lib/google-cloud-sdk/lib/surface/billing]
2018-10-12 14:27:14,930 DEBUG    root            No implementation for release track [GA] for element: [/usr/lib/google-cloud-sdk/lib/surface/redis]
2018-10-12 14:27:14,930 DEBUG    root            Loaded Command Group: [u'gcloud', u'source']
2018-10-12 14:27:14,934 DEBUG    root            Loaded Command Group: [u'gcloud', u'init']
2018-10-12 14:27:14,936 DEBUG    root            No implementation for release track [GA] for element: [/usr/lib/google-cloud-sdk/lib/surface/dlp]
2018-10-12 14:27:14,936 DEBUG    root            Loaded Command Group: [u'gcloud', u'kms']
2018-10-12 14:27:14,938 DEBUG    root            No implementation for release track [GA] for element: [/usr/lib/google-cloud-sdk/lib/surface/bigtable]
2018-10-12 14:27:14,938 DEBUG    root            Loaded Command Group: [u'gcloud', u'dns']
2018-10-12 14:27:14,940 DEBUG    root            Loaded Command Group: [u'gcloud', u'config']
2018-10-12 14:27:14,942 DEBUG    root            No implementation for release track [GA] for element: [/usr/lib/google-cloud-sdk/lib/surface/resources]
2018-10-12 14:27:14,942 DEBUG    root            No implementation for release track [GA] for element: [/usr/lib/google-cloud-sdk/lib/surface/cloud_shell]
2018-10-12 14:27:14,958 DEBUG    root            Loaded Command Group: [u'gcloud', u'info']
2018-10-12 14:27:15,084 DEBUG    root            No implementation for release track [GA] for element: [/usr/lib/google-cloud-sdk/lib/surface/interactive]
2018-10-12 14:27:15,084 DEBUG    root            Loaded Command Group: [u'gcloud', u'components']
2018-10-12 14:27:15,087 DEBUG    root            Loaded Command Group: [u'gcloud', u'organizations']
2018-10-12 14:27:15,088 DEBUG    root            Loaded Command Group: [u'gcloud', u'dataproc']
2018-10-12 14:27:15,114 DEBUG    root            Loaded Command Group: [u'gcloud', u'ml_engine']
2018-10-12 14:27:15,116 DEBUG    root            Loaded Command Group: [u'gcloud', u'iot']
2018-10-12 14:27:15,118 DEBUG    root            No implementation for release track [GA] for element: [/usr/lib/google-cloud-sdk/lib/surface/emulators]
2018-10-12 14:27:15,118 DEBUG    root            Loaded Command Group: [u'gcloud', u'auth']
2018-10-12 14:27:15,120 DEBUG    root            Loaded Command Group: [u'gcloud', u'debug']
2018-10-12 14:27:15,122 DEBUG    root            Loaded Command Group: [u'gcloud', u'firebase']
2018-10-12 14:27:15,123 DEBUG    root            No implementation for release track [GA] for element: [/usr/lib/google-cloud-sdk/lib/surface/category_manager]
2018-10-12 14:27:15,123 DEBUG    root            No implementation for release track [GA] for element: [/usr/lib/google-cloud-sdk/lib/surface/scheduler]
2018-10-12 14:27:15,124 DEBUG    root            Loaded Command Group: [u'gcloud', u'sql']
2018-10-12 14:27:15,126 DEBUG    root            Loaded Command Group: [u'gcloud', u'spanner']
2018-10-12 14:27:15,127 DEBUG    root            No implementation for release track [GA] for element: [/usr/lib/google-cloud-sdk/lib/surface/monitoring]
2018-10-12 14:27:15,128 DEBUG    root            Loaded Command Group: [u'gcloud', u'version']
2018-10-12 14:27:15,129 DEBUG    root            Loaded Command Group: [u'gcloud', u'projects']
2018-10-12 14:27:15,131 DEBUG    root            No implementation for release track [GA] for element: [/usr/lib/google-cloud-sdk/lib/surface/resource_manager]
2018-10-12 14:27:15,131 DEBUG    root            Loaded Command Group: [u'gcloud', u'topic']
2018-10-12 14:27:15,133 DEBUG    root            Loaded Command Group: [u'gcloud', u'logging']
2018-10-12 14:27:15,135 DEBUG    root            Loaded Command Group: [u'gcloud', u'builds']
2018-10-12 14:27:15,136 DEBUG    root            Loaded Command Group: [u'gcloud', u'service_management']
2018-10-12 14:27:15,138 DEBUG    root            Loaded Command Group: [u'gcloud', u'dataflow']
2018-10-12 14:27:15,140 DEBUG    root            Loaded Command Group: [u'gcloud', u'ml']
2018-10-12 14:27:15,141 DEBUG    root            No implementation for release track [GA] for element: [/usr/lib/google-cloud-sdk/lib/surface/runtime_config]
2018-10-12 14:27:15,142 DEBUG    root            No implementation for release track [GA] for element: [/usr/lib/google-cloud-sdk/lib/surface/search_help]
2018-10-12 14:27:15,143 DEBUG    root            No implementation for release track [GA] for element: [/usr/lib/google-cloud-sdk/lib/surface/error_reporting]
2018-10-12 14:27:15,143 DEBUG    root            Loaded Command Group: [u'gcloud', u'domains']
2018-10-12 14:27:15,145 DEBUG    root            No implementation for release track [GA] for element: [/usr/lib/google-cloud-sdk/lib/surface/filestore]
2018-10-12 14:27:15,236 DEBUG    root            Loaded Command Group: [u'gcloud', u'docker']
2018-10-12 14:27:15,238 DEBUG    root            Loaded Command Group: [u'gcloud', u'endpoints']
2018-10-12 14:27:15,239 DEBUG    root            Loaded Command Group: [u'gcloud', u'pubsub']
2018-10-12 14:27:15,241 DEBUG    root            Loaded Command Group: [u'gcloud', u'deployment_manager']
2018-10-12 14:27:15,243 ERROR    root            (gcloud) Invalid choice: 'stop'. Did you mean 'topic'?
